7zip
ags-hyprpanel-git
android-tools
archlinux-xdg-menu
bash-completion
bat
bind
bluedevil
bluez
bluez-utils
brightnessctl
btop
cliphist
dolphin
dolphin-plugins
fastfetch
firewalld
fish
git
grimblast-git
gthumb
gtrash-bin
hypridle
hyprland
hyprlock
hyprpicker
hyprpolkitagent
kdeconnect
keyd
kitty
lazygit
neovim
noto-fonts
noto-fonts-cjk
noto-fonts-emoji
noto-fonts-extra
nwg-look
okular
partitionmanager
power-profiles-daemon
powerdevil
print-manager
rofi
rofi-calc
rofi-emoji
sddm-astronaut-theme
sudo
swww
tectonic
texinfo
tldr
ttf-bitstream-vera
ttf-dejavu
ttf-firacode-nerd
ttf-liberation
ttf-opensans
usb_modeswitch
usbutils
vi
vivaldi
waypaper
wget
yay
yazi
zoxide
